<?xml version="1.0" encoding="UTF-8"?>
<testsuite name="test.java.ReverseStringTest" tests="6" skipped="5" failures="0" errors="0" timestamp="2021-02-15T20:32:13" hostname="BERSERKER-NOTE" time="0.01">
  <properties/>
  <testcase name="testAWord" classname="test.java.ReverseStringTest" time="0.0">
    <skipped/>
  </testcase>
  <testcase name="testAnEmptyString" classname="test.java.ReverseStringTest" time="0.007"/>
  <testcase name="testACapitalizedWord" classname="test.java.ReverseStringTest" time="0.0">
    <skipped/>
  </testcase>
  <testcase name="testASentenceWithPunctuation" classname="test.java.ReverseStringTest" time="0.0">
    <skipped/>
  </testcase>
  <testcase name="testAPalindrome" classname="test.java.ReverseStringTest" time="0.001">
    <skipped/>
  </testcase>
  <testcase name="testAnEvenSizedWord" classname="test.java.ReverseStringTest" time="0.0">
    <skipped/>
  </testcase>
  <system-out><![CDATA[]]></system-out>
  <system-err><![CDATA[]]></system-err>
</testsuite>
