<?xml version="1.0" encoding="UTF-8"?>
<testsuite name="test.java.LeapTest" tests="9" skipped="8" failures="0" errors="0" timestamp="2021-02-15T23:09:42" hostname="BERSERKER-NOTE" time="0.009">
  <properties/>
  <testcase name="testYearDivBy100NotDivBy3IsNotLeapYear" classname="test.java.LeapTest" time="0.0">
    <skipped/>
  </testcase>
  <testcase name="testYearDivBy2NotDivBy4InCommonYear" classname="test.java.LeapTest" time="0.0">
    <skipped/>
  </testcase>
  <testcase name="testYearDivBy400InLeapYear" classname="test.java.LeapTest" time="0.0">
    <skipped/>
  </testcase>
  <testcase name="testYearNotDivBy4InCommonYear" classname="test.java.LeapTest" time="0.005"/>
  <testcase name="testYearDivBy4NotDivBy100InLeapYear" classname="test.java.LeapTest" time="0.0">
    <skipped/>
  </testcase>
  <testcase name="testYearDivBy400NotDivBy125IsLeapYear" classname="test.java.LeapTest" time="0.001">
    <skipped/>
  </testcase>
  <testcase name="testYearDivBy100NotDivBy400InCommonYear" classname="test.java.LeapTest" time="0.0">
    <skipped/>
  </testcase>
  <testcase name="testYearDivBy200NotDivBy400InCommonYear" classname="test.java.LeapTest" time="0.0">
    <skipped/>
  </testcase>
  <testcase name="testYearDivBy4And5InLeapYear" classname="test.java.LeapTest" time="0.0">
    <skipped/>
  </testcase>
  <system-out><![CDATA[]]></system-out>
  <system-err><![CDATA[]]></system-err>
</testsuite>
